<?xml version="1.0" encoding="UTF-8"?>
<testng-results skipped="0" failed="0" ignored="0" total="1" passed="1">
  <reporter-output>
  </reporter-output>
  <suite name="PracticeArtifactID" duration-ms="23597" started-at="2019-06-04T09:37:11Z" finished-at="2019-06-04T09:37:34Z">
    <groups>
    </groups>
    <test name="PracticeArtifactITest" duration-ms="23597" started-at="2019-06-04T09:37:11Z" finished-at="2019-06-04T09:37:34Z">
      <class name="com.practice.tests.PropertyPageTest">
        <test-method status="PASS" signature="setupHomePage()[pri:0, instance:com.practice.tests.PropertyPageTest@8bd1b6a]" name="setupHomePage" is-config="true" duration-ms="22891" started-at="2019-06-04T09:37:11Z" finished-at="2019-06-04T09:37:34Z">
          <reporter-output>
          </reporter-output>
        </test-method> <!-- setupHomePage -->
        <test-method status="PASS" signature="verifyPropertyPageTest()[pri:0, instance:com.practice.tests.PropertyPageTest@8bd1b6a]" name="verifyPropertyPageTest" duration-ms="16" started-at="2019-06-04T09:37:34Z" finished-at="2019-06-04T09:37:34Z">
          <reporter-output>
          </reporter-output>
        </test-method> <!-- verifyPropertyPageTest -->
        <test-method status="PASS" signature="teardown()[pri:0, instance:com.practice.tests.PropertyPageTest@8bd1b6a]" name="teardown" is-config="true" duration-ms="669" started-at="2019-06-04T09:37:34Z" finished-at="2019-06-04T09:37:34Z">
          <reporter-output>
          </reporter-output>
        </test-method> <!-- teardown -->
      </class> <!-- com.practice.tests.PropertyPageTest -->
    </test> <!-- PracticeArtifactITest -->
  </suite> <!-- PracticeArtifactID -->
</testng-results>
